  AddClassToSchedule.cpp
  Crossing.cpp
  Fitness.cpp
  GetIdAudienceForClass.cpp
  GetPairTypeForClass.cpp
E:\kirill\PROJECT SCHEDULE\app\NUZPprojectSchedule\server\EvalutionAlgoritmCpp\VSProject\VSProject\GetPairTypeForClass.cpp(8,24): warning C4244: 'initializing': conversion from 'const double' to 'int', possible loss of data
  GetRndDouble.cpp
  GetRndInteger.cpp
  Init.cpp
E:\kirill\PROJECT SCHEDULE\app\NUZPprojectSchedule\server\EvalutionAlgoritmCpp\VSProject\VSProject\Init.cpp(16,27): warning C4018: '<': signed/unsigned mismatch
E:\kirill\PROJECT SCHEDULE\app\NUZPprojectSchedule\server\EvalutionAlgoritmCpp\VSProject\VSProject\Init.cpp(20,31): warning C4018: '<': signed/unsigned mismatch
  MeanFitnessValue.cpp
  MinFitnessValue.cpp
  Mutation.cpp
E:\kirill\PROJECT SCHEDULE\app\NUZPprojectSchedule\server\EvalutionAlgoritmCpp\VSProject\VSProject\Mutation.cpp(53,19): warning C4018: '<': signed/unsigned mismatch
  SelectRanging.cpp
  SortPopulations.cpp
  SortSchedule.cpp
  threadpool.cpp
  TypeDefs.cpp
  Main.cpp
E:\kirill\PROJECT SCHEDULE\app\NUZPprojectSchedule\server\EvalutionAlgoritmCpp\VSProject\VSProject\BS_thread_pool.hpp(35,28): error C2039: 'invoke_result_t': is not a member of 'std'
E:\kirill\program\Visual Studio\2022\VC\Tools\MSVC\14.32.31326\include\queue(22): message : see declaration of 'std'
E:\kirill\PROJECT SCHEDULE\app\NUZPprojectSchedule\server\EvalutionAlgoritmCpp\VSProject\VSProject\BS_thread_pool.hpp(35,43): error C2061: syntax error: identifier 'invoke_result_t'
E:\kirill\PROJECT SCHEDULE\app\NUZPprojectSchedule\server\EvalutionAlgoritmCpp\VSProject\VSProject\BS_thread_pool.hpp(63,9): warning C4984: 'if constexpr' is a C++17 language extension
E:\kirill\PROJECT SCHEDULE\app\NUZPprojectSchedule\server\EvalutionAlgoritmCpp\VSProject\VSProject\BS_thread_pool.hpp(123): message : see reference to class template instantiation 'BS::multi_future<T>' being compiled
E:\kirill\PROJECT SCHEDULE\app\NUZPprojectSchedule\server\EvalutionAlgoritmCpp\VSProject\VSProject\BS_thread_pool.hpp(252,16): error C4430: missing type specifier - int assumed. Note: C++ does not support default-int
E:\kirill\PROJECT SCHEDULE\app\NUZPprojectSchedule\server\EvalutionAlgoritmCpp\VSProject\VSProject\BS_thread_pool.hpp(252,37): error C2146: syntax error: missing ')' before identifier 'thread_count_'
E:\kirill\PROJECT SCHEDULE\app\NUZPprojectSchedule\server\EvalutionAlgoritmCpp\VSProject\VSProject\BS_thread_pool.hpp(252,37): error C3646: 'thread_count_': unknown override specifier
E:\kirill\PROJECT SCHEDULE\app\NUZPprojectSchedule\server\EvalutionAlgoritmCpp\VSProject\VSProject\BS_thread_pool.hpp(252,16): error C2253: 'thread_pool': pure specifier or abstract override specifier only allowed on virtual function
E:\kirill\PROJECT SCHEDULE\app\NUZPprojectSchedule\server\EvalutionAlgoritmCpp\VSProject\VSProject\BS_thread_pool.hpp(252,16): error C2059: syntax error: ')'
E:\kirill\PROJECT SCHEDULE\app\NUZPprojectSchedule\server\EvalutionAlgoritmCpp\VSProject\VSProject\BS_thread_pool.hpp(252,54): error C2059: syntax error: ')'
E:\kirill\PROJECT SCHEDULE\app\NUZPprojectSchedule\server\EvalutionAlgoritmCpp\VSProject\VSProject\BS_thread_pool.hpp(252,56): error C2059: syntax error: ':'
E:\kirill\PROJECT SCHEDULE\app\NUZPprojectSchedule\server\EvalutionAlgoritmCpp\VSProject\VSProject\BS_thread_pool.hpp(252,16): error C2334: unexpected token(s) preceding ':'; skipping apparent function body
E:\kirill\PROJECT SCHEDULE\app\NUZPprojectSchedule\server\EvalutionAlgoritmCpp\VSProject\VSProject\BS_thread_pool.hpp(691,35): error C7525: inline variables require at least '/std:c++17'
E:\kirill\PROJECT SCHEDULE\app\NUZPprojectSchedule\server\EvalutionAlgoritmCpp\VSProject\VSProject\BS_thread_pool.hpp(691,114): error C2864: 'BS::thread_pool::synced_stream::endl': a static data member with an in-class initializer must have non-volatile const integral type or be specified as 'inline'
E:\kirill\PROJECT SCHEDULE\app\NUZPprojectSchedule\server\EvalutionAlgoritmCpp\VSProject\VSProject\BS_thread_pool.hpp(691,114): message : type is 'std::ostream &(__cdecl &)(std::ostream &)'
E:\kirill\PROJECT SCHEDULE\app\NUZPprojectSchedule\server\EvalutionAlgoritmCpp\VSProject\VSProject\BS_thread_pool.hpp(696,35): error C7525: inline variables require at least '/std:c++17'
E:\kirill\PROJECT SCHEDULE\app\NUZPprojectSchedule\server\EvalutionAlgoritmCpp\VSProject\VSProject\BS_thread_pool.hpp(696,116): error C2864: 'BS::thread_pool::synced_stream::flush': a static data member with an in-class initializer must have non-volatile const integral type or be specified as 'inline'
E:\kirill\PROJECT SCHEDULE\app\NUZPprojectSchedule\server\EvalutionAlgoritmCpp\VSProject\VSProject\BS_thread_pool.hpp(696,116): message : type is 'std::ostream &(__cdecl &)(std::ostream &)'
E:\kirill\PROJECT SCHEDULE\app\NUZPprojectSchedule\server\EvalutionAlgoritmCpp\VSProject\VSProject\BS_thread_pool.hpp(673,24): error C7518: fold expressions require at least '/std:c++17'
E:\kirill\PROJECT SCHEDULE\app\NUZPprojectSchedule\server\EvalutionAlgoritmCpp\VSProject\VSProject\BS_thread_pool.hpp(670,10): message : This diagnostic occurred in the compiler generated function 'void BS::thread_pool::synced_stream::print(T &&...)'
E:\kirill\PROJECT SCHEDULE\app\NUZPprojectSchedule\server\EvalutionAlgoritmCpp\VSProject\VSProject\BS_thread_pool.hpp(672,20): error C2039: 'scoped_lock': is not a member of 'std'
E:\kirill\program\Visual Studio\2022\VC\Tools\MSVC\14.32.31326\include\queue(22): message : see declaration of 'std'
E:\kirill\PROJECT SCHEDULE\app\NUZPprojectSchedule\server\EvalutionAlgoritmCpp\VSProject\VSProject\BS_thread_pool.hpp(670,10): message : This diagnostic occurred in the compiler generated function 'void BS::thread_pool::synced_stream::print(T &&...)'
E:\kirill\program\Visual Studio\2022\VC\Tools\MSVC\14.32.31326\include\fstream(26,1): error C2059: syntax error: 'namespace'
E:\kirill\program\Visual Studio\2022\VC\Tools\MSVC\14.32.31326\include\fstream(26,1): error C2143: syntax error: missing ';' before '{'
E:\kirill\program\Visual Studio\2022\VC\Tools\MSVC\14.32.31326\include\fstream(26,1): error C2447: '{': missing function header (old-style formal list?)
E:\kirill\PROJECT SCHEDULE\app\NUZPprojectSchedule\server\EvalutionAlgoritmCpp\VSProject\VSProject\Main.cpp(48,38): error C2679: binary '[': no operator found which takes a right-hand operand of type 'const char [5]' (or there is no acceptable conversion)
E:\kirill\program\Visual Studio\2022\VC\Tools\MSVC\14.32.31326\include\xstring(3836,45): message : could be 'const char &std::basic_string<char,std::char_traits<char>,std::allocator<char>>::operator [](const unsigned int) noexcept const'
E:\kirill\program\Visual Studio\2022\VC\Tools\MSVC\14.32.31326\include\xstring(3829,39): message : or       'char &std::basic_string<char,std::char_traits<char>,std::allocator<char>>::operator [](const unsigned int) noexcept'
E:\kirill\PROJECT SCHEDULE\app\NUZPprojectSchedule\server\EvalutionAlgoritmCpp\VSProject\VSProject\Main.cpp(48,38): message : while trying to match the argument list '(std::string, const char [5])'
E:\kirill\PROJECT SCHEDULE\app\NUZPprojectSchedule\server\EvalutionAlgoritmCpp\VSProject\VSProject\Main.cpp(63,48): error C2679: binary '[': no operator found which takes a right-hand operand of type 'const char [12]' (or there is no acceptable conversion)
E:\kirill\program\Visual Studio\2022\VC\Tools\MSVC\14.32.31326\include\xstring(3836,45): message : could be 'const char &std::basic_string<char,std::char_traits<char>,std::allocator<char>>::operator [](const unsigned int) noexcept const'
E:\kirill\program\Visual Studio\2022\VC\Tools\MSVC\14.32.31326\include\xstring(3829,39): message : or       'char &std::basic_string<char,std::char_traits<char>,std::allocator<char>>::operator [](const unsigned int) noexcept'
E:\kirill\PROJECT SCHEDULE\app\NUZPprojectSchedule\server\EvalutionAlgoritmCpp\VSProject\VSProject\Main.cpp(63,48): message : while trying to match the argument list '(std::string, const char [12])'
E:\kirill\PROJECT SCHEDULE\app\NUZPprojectSchedule\server\EvalutionAlgoritmCpp\VSProject\VSProject\Main.cpp(65,46): warning C4244: 'initializing': conversion from 'double' to 'int', possible loss of data
E:\kirill\PROJECT SCHEDULE\app\NUZPprojectSchedule\server\EvalutionAlgoritmCpp\VSProject\VSProject\Main.cpp(65,28): warning C4244: 'initializing': conversion from 'double' to 'const int', possible loss of data
E:\kirill\PROJECT SCHEDULE\app\NUZPprojectSchedule\server\EvalutionAlgoritmCpp\VSProject\VSProject\Main.cpp(68,41): error C2679: binary '[': no operator found which takes a right-hand operand of type 'const char [8]' (or there is no acceptable conversion)
E:\kirill\program\Visual Studio\2022\VC\Tools\MSVC\14.32.31326\include\xstring(3836,45): message : could be 'const char &std::basic_string<char,std::char_traits<char>,std::allocator<char>>::operator [](const unsigned int) noexcept const'
E:\kirill\program\Visual Studio\2022\VC\Tools\MSVC\14.32.31326\include\xstring(3829,39): message : or       'char &std::basic_string<char,std::char_traits<char>,std::allocator<char>>::operator [](const unsigned int) noexcept'
E:\kirill\PROJECT SCHEDULE\app\NUZPprojectSchedule\server\EvalutionAlgoritmCpp\VSProject\VSProject\Main.cpp(68,41): message : while trying to match the argument list '(std::string, const char [8])'
E:\kirill\PROJECT SCHEDULE\app\NUZPprojectSchedule\server\EvalutionAlgoritmCpp\VSProject\VSProject\Main.cpp(68,22): error C2143: syntax error: missing ';' before ':'
E:\kirill\PROJECT SCHEDULE\app\NUZPprojectSchedule\server\EvalutionAlgoritmCpp\VSProject\VSProject\Main.cpp(68,9): error C2679: binary '[': no operator found which takes a right-hand operand of type 'const char [8]' (or there is no acceptable conversion)
E:\kirill\program\Visual Studio\2022\VC\Tools\MSVC\14.32.31326\include\xstring(3836,45): message : could be 'const char &std::basic_string<char,std::char_traits<char>,std::allocator<char>>::operator [](const unsigned int) noexcept const'
E:\kirill\program\Visual Studio\2022\VC\Tools\MSVC\14.32.31326\include\xstring(3829,39): message : or       'char &std::basic_string<char,std::char_traits<char>,std::allocator<char>>::operator [](const unsigned int) noexcept'
E:\kirill\PROJECT SCHEDULE\app\NUZPprojectSchedule\server\EvalutionAlgoritmCpp\VSProject\VSProject\Main.cpp(68,9): message : while trying to match the argument list '(std::string, const char [8])'
E:\kirill\PROJECT SCHEDULE\app\NUZPprojectSchedule\server\EvalutionAlgoritmCpp\VSProject\VSProject\Main.cpp(68,39): error C2143: syntax error: missing ';' before ')'
E:\kirill\PROJECT SCHEDULE\app\NUZPprojectSchedule\server\EvalutionAlgoritmCpp\VSProject\VSProject\Main.cpp(73,55): error C2679: binary '[': no operator found which takes a right-hand operand of type 'const char [22]' (or there is no acceptable conversion)
E:\kirill\program\Visual Studio\2022\VC\Tools\MSVC\14.32.31326\include\xstring(3836,45): message : could be 'const char &std::basic_string<char,std::char_traits<char>,std::allocator<char>>::operator [](const unsigned int) noexcept const'
E:\kirill\program\Visual Studio\2022\VC\Tools\MSVC\14.32.31326\include\xstring(3829,39): message : or       'char &std::basic_string<char,std::char_traits<char>,std::allocator<char>>::operator [](const unsigned int) noexcept'
E:\kirill\PROJECT SCHEDULE\app\NUZPprojectSchedule\server\EvalutionAlgoritmCpp\VSProject\VSProject\Main.cpp(73,55): message : while trying to match the argument list '(std::string, const char [22])'
E:\kirill\PROJECT SCHEDULE\app\NUZPprojectSchedule\server\EvalutionAlgoritmCpp\VSProject\VSProject\Main.cpp(73,22): error C2143: syntax error: missing ';' before ':'
E:\kirill\PROJECT SCHEDULE\app\NUZPprojectSchedule\server\EvalutionAlgoritmCpp\VSProject\VSProject\Main.cpp(73,9): error C2679: binary '[': no operator found which takes a right-hand operand of type 'const char [22]' (or there is no acceptable conversion)
E:\kirill\program\Visual Studio\2022\VC\Tools\MSVC\14.32.31326\include\xstring(3836,45): message : could be 'const char &std::basic_string<char,std::char_traits<char>,std::allocator<char>>::operator [](const unsigned int) noexcept const'
E:\kirill\program\Visual Studio\2022\VC\Tools\MSVC\14.32.31326\include\xstring(3829,39): message : or       'char &std::basic_string<char,std::char_traits<char>,std::allocator<char>>::operator [](const unsigned int) noexcept'
E:\kirill\PROJECT SCHEDULE\app\NUZPprojectSchedule\server\EvalutionAlgoritmCpp\VSProject\VSProject\Main.cpp(73,9): message : while trying to match the argument list '(std::string, const char [22])'
E:\kirill\PROJECT SCHEDULE\app\NUZPprojectSchedule\server\EvalutionAlgoritmCpp\VSProject\VSProject\Main.cpp(73,53): error C2143: syntax error: missing ';' before ')'
E:\kirill\PROJECT SCHEDULE\app\NUZPprojectSchedule\server\EvalutionAlgoritmCpp\VSProject\VSProject\Main.cpp(78,37): error C2679: binary '[': no operator found which takes a right-hand operand of type 'const char [7]' (or there is no acceptable conversion)
E:\kirill\program\Visual Studio\2022\VC\Tools\MSVC\14.32.31326\include\xstring(3836,45): message : could be 'const char &std::basic_string<char,std::char_traits<char>,std::allocator<char>>::operator [](const unsigned int) noexcept const'
E:\kirill\program\Visual Studio\2022\VC\Tools\MSVC\14.32.31326\include\xstring(3829,39): message : or       'char &std::basic_string<char,std::char_traits<char>,std::allocator<char>>::operator [](const unsigned int) noexcept'
E:\kirill\PROJECT SCHEDULE\app\NUZPprojectSchedule\server\EvalutionAlgoritmCpp\VSProject\VSProject\Main.cpp(78,37): message : while trying to match the argument list '(std::string, const char [7])'
E:\kirill\PROJECT SCHEDULE\app\NUZPprojectSchedule\server\EvalutionAlgoritmCpp\VSProject\VSProject\Main.cpp(78,20): error C2143: syntax error: missing ';' before ':'
E:\kirill\PROJECT SCHEDULE\app\NUZPprojectSchedule\server\EvalutionAlgoritmCpp\VSProject\VSProject\Main.cpp(78,9): error C2679: binary '[': no operator found which takes a right-hand operand of type 'const char [7]' (or there is no acceptable conversion)
E:\kirill\program\Visual Studio\2022\VC\Tools\MSVC\14.32.31326\include\xstring(3836,45): message : could be 'const char &std::basic_string<char,std::char_traits<char>,std::allocator<char>>::operator [](const unsigned int) noexcept const'
E:\kirill\program\Visual Studio\2022\VC\Tools\MSVC\14.32.31326\include\xstring(3829,39): message : or       'char &std::basic_string<char,std::char_traits<char>,std::allocator<char>>::operator [](const unsigned int) noexcept'
E:\kirill\PROJECT SCHEDULE\app\NUZPprojectSchedule\server\EvalutionAlgoritmCpp\VSProject\VSProject\Main.cpp(78,9): message : while trying to match the argument list '(std::string, const char [7])'
E:\kirill\PROJECT SCHEDULE\app\NUZPprojectSchedule\server\EvalutionAlgoritmCpp\VSProject\VSProject\Main.cpp(78,36): error C2143: syntax error: missing ';' before ')'
E:\kirill\PROJECT SCHEDULE\app\NUZPprojectSchedule\server\EvalutionAlgoritmCpp\VSProject\VSProject\Main.cpp(84,44): error C2679: binary '[': no operator found which takes a right-hand operand of type 'const char [10]' (or there is no acceptable conversion)
E:\kirill\program\Visual Studio\2022\VC\Tools\MSVC\14.32.31326\include\xstring(3836,45): message : could be 'const char &std::basic_string<char,std::char_traits<char>,std::allocator<char>>::operator [](const unsigned int) noexcept const'
E:\kirill\program\Visual Studio\2022\VC\Tools\MSVC\14.32.31326\include\xstring(3829,39): message : or       'char &std::basic_string<char,std::char_traits<char>,std::allocator<char>>::operator [](const unsigned int) noexcept'
E:\kirill\PROJECT SCHEDULE\app\NUZPprojectSchedule\server\EvalutionAlgoritmCpp\VSProject\VSProject\Main.cpp(84,44): message : while trying to match the argument list '(std::string, const char [10])'
E:\kirill\PROJECT SCHEDULE\app\NUZPprojectSchedule\server\EvalutionAlgoritmCpp\VSProject\VSProject\Main.cpp(84,23): error C2143: syntax error: missing ';' before ':'
E:\kirill\PROJECT SCHEDULE\app\NUZPprojectSchedule\server\EvalutionAlgoritmCpp\VSProject\VSProject\Main.cpp(84,9): error C2679: binary '[': no operator found which takes a right-hand operand of type 'const char [10]' (or there is no acceptable conversion)
E:\kirill\program\Visual Studio\2022\VC\Tools\MSVC\14.32.31326\include\xstring(3836,45): message : could be 'const char &std::basic_string<char,std::char_traits<char>,std::allocator<char>>::operator [](const unsigned int) noexcept const'
E:\kirill\program\Visual Studio\2022\VC\Tools\MSVC\14.32.31326\include\xstring(3829,39): message : or       'char &std::basic_string<char,std::char_traits<char>,std::allocator<char>>::operator [](const unsigned int) noexcept'
E:\kirill\PROJECT SCHEDULE\app\NUZPprojectSchedule\server\EvalutionAlgoritmCpp\VSProject\VSProject\Main.cpp(84,9): message : while trying to match the argument list '(std::string, const char [10])'
E:\kirill\PROJECT SCHEDULE\app\NUZPprojectSchedule\server\EvalutionAlgoritmCpp\VSProject\VSProject\Main.cpp(84,42): error C2143: syntax error: missing ';' before ')'
E:\kirill\PROJECT SCHEDULE\app\NUZPprojectSchedule\server\EvalutionAlgoritmCpp\VSProject\VSProject\Main.cpp(89,45): error C2679: binary '[': no operator found which takes a right-hand operand of type 'const char [9]' (or there is no acceptable conversion)
E:\kirill\program\Visual Studio\2022\VC\Tools\MSVC\14.32.31326\include\xstring(3836,45): message : could be 'const char &std::basic_string<char,std::char_traits<char>,std::allocator<char>>::operator [](const unsigned int) noexcept const'
E:\kirill\program\Visual Studio\2022\VC\Tools\MSVC\14.32.31326\include\xstring(3829,39): message : or       'char &std::basic_string<char,std::char_traits<char>,std::allocator<char>>::operator [](const unsigned int) noexcept'
E:\kirill\PROJECT SCHEDULE\app\NUZPprojectSchedule\server\EvalutionAlgoritmCpp\VSProject\VSProject\Main.cpp(89,45): message : while trying to match the argument list '(std::string, const char [9])'
E:\kirill\PROJECT SCHEDULE\app\NUZPprojectSchedule\server\EvalutionAlgoritmCpp\VSProject\VSProject\Main.cpp(89,25): error C2143: syntax error: missing ';' before ':'
E:\kirill\PROJECT SCHEDULE\app\NUZPprojectSchedule\server\EvalutionAlgoritmCpp\VSProject\VSProject\Main.cpp(89,9): error C2679: binary '[': no operator found which takes a right-hand operand of type 'const char [9]' (or there is no acceptable conversion)
E:\kirill\program\Visual Studio\2022\VC\Tools\MSVC\14.32.31326\include\xstring(3836,45): message : could be 'const char &std::basic_string<char,std::char_traits<char>,std::allocator<char>>::operator [](const unsigned int) noexcept const'
E:\kirill\program\Visual Studio\2022\VC\Tools\MSVC\14.32.31326\include\xstring(3829,39): message : or       'char &std::basic_string<char,std::char_traits<char>,std::allocator<char>>::operator [](const unsigned int) noexcept'
E:\kirill\PROJECT SCHEDULE\app\NUZPprojectSchedule\server\EvalutionAlgoritmCpp\VSProject\VSProject\Main.cpp(89,9): message : while trying to match the argument list '(std::string, const char [9])'
E:\kirill\PROJECT SCHEDULE\app\NUZPprojectSchedule\server\EvalutionAlgoritmCpp\VSProject\VSProject\Main.cpp(89,43): error C2143: syntax error: missing ';' before ')'
E:\kirill\PROJECT SCHEDULE\app\NUZPprojectSchedule\server\EvalutionAlgoritmCpp\VSProject\VSProject\Main.cpp(96,21): error C2512: 'BS::thread_pool': no appropriate default constructor available
E:\kirill\PROJECT SCHEDULE\app\NUZPprojectSchedule\server\EvalutionAlgoritmCpp\VSProject\VSProject\BS_thread_pool.hpp(240,21): message : see declaration of 'BS::thread_pool'
E:\kirill\PROJECT SCHEDULE\app\NUZPprojectSchedule\server\EvalutionAlgoritmCpp\VSProject\VSProject\Main.cpp(97,9): error C2065: 'timer': undeclared identifier
E:\kirill\PROJECT SCHEDULE\app\NUZPprojectSchedule\server\EvalutionAlgoritmCpp\VSProject\VSProject\Main.cpp(97,15): error C2146: syntax error: missing ';' before identifier 'Timer'
E:\kirill\PROJECT SCHEDULE\app\NUZPprojectSchedule\server\EvalutionAlgoritmCpp\VSProject\VSProject\Main.cpp(97,15): error C2065: 'Timer': undeclared identifier
E:\kirill\PROJECT SCHEDULE\app\NUZPprojectSchedule\server\EvalutionAlgoritmCpp\VSProject\VSProject\Main.cpp(98,9): error C2065: 'Timer': undeclared identifier
E:\kirill\PROJECT SCHEDULE\app\NUZPprojectSchedule\server\EvalutionAlgoritmCpp\VSProject\VSProject\Main.cpp(101,25): error C2039: 'push_task': is not a member of 'BS::thread_pool'
E:\kirill\PROJECT SCHEDULE\app\NUZPprojectSchedule\server\EvalutionAlgoritmCpp\VSProject\VSProject\BS_thread_pool.hpp(240): message : see declaration of 'BS::thread_pool'
E:\kirill\PROJECT SCHEDULE\app\NUZPprojectSchedule\server\EvalutionAlgoritmCpp\VSProject\VSProject\Main.cpp(109,9): error C2065: 'Timer': undeclared identifier
E:\kirill\PROJECT SCHEDULE\app\NUZPprojectSchedule\server\EvalutionAlgoritmCpp\VSProject\VSProject\Main.cpp(110,44): error C2065: 'Timer': undeclared identifier
E:\kirill\PROJECT SCHEDULE\app\NUZPprojectSchedule\server\EvalutionAlgoritmCpp\VSProject\VSProject\Main.cpp(118,13): error C2065: 'Timer': undeclared identifier
E:\kirill\PROJECT SCHEDULE\app\NUZPprojectSchedule\server\EvalutionAlgoritmCpp\VSProject\VSProject\Main.cpp(120,62): error C2039: 'parallelize_loop': is not a member of 'BS::thread_pool'
E:\kirill\PROJECT SCHEDULE\app\NUZPprojectSchedule\server\EvalutionAlgoritmCpp\VSProject\VSProject\BS_thread_pool.hpp(240): message : see declaration of 'BS::thread_pool'
E:\kirill\PROJECT SCHEDULE\app\NUZPprojectSchedule\server\EvalutionAlgoritmCpp\VSProject\VSProject\Main.cpp(139,13): error C2065: 'Timer': undeclared identifier
E:\kirill\PROJECT SCHEDULE\app\NUZPprojectSchedule\server\EvalutionAlgoritmCpp\VSProject\VSProject\Main.cpp(140,48): error C2065: 'Timer': undeclared identifier
E:\kirill\PROJECT SCHEDULE\app\NUZPprojectSchedule\server\EvalutionAlgoritmCpp\VSProject\VSProject\Main.cpp(143,13): error C2065: 'Timer': undeclared identifier
E:\kirill\PROJECT SCHEDULE\app\NUZPprojectSchedule\server\EvalutionAlgoritmCpp\VSProject\VSProject\Main.cpp(145,62): error C2039: 'parallelize_loop': is not a member of 'BS::thread_pool'
E:\kirill\PROJECT SCHEDULE\app\NUZPprojectSchedule\server\EvalutionAlgoritmCpp\VSProject\VSProject\BS_thread_pool.hpp(240): message : see declaration of 'BS::thread_pool'
E:\kirill\PROJECT SCHEDULE\app\NUZPprojectSchedule\server\EvalutionAlgoritmCpp\VSProject\VSProject\Main.cpp(157,13): error C2065: 'Timer': undeclared identifier
E:\kirill\PROJECT SCHEDULE\app\NUZPprojectSchedule\server\EvalutionAlgoritmCpp\VSProject\VSProject\Main.cpp(158,48): error C2065: 'Timer': undeclared identifier
E:\kirill\PROJECT SCHEDULE\app\NUZPprojectSchedule\server\EvalutionAlgoritmCpp\VSProject\VSProject\Main.cpp(161,13): error C2065: 'Timer': undeclared identifier
E:\kirill\PROJECT SCHEDULE\app\NUZPprojectSchedule\server\EvalutionAlgoritmCpp\VSProject\VSProject\Main.cpp(163,65): error C2039: 'parallelize_loop': is not a member of 'BS::thread_pool'
E:\kirill\PROJECT SCHEDULE\app\NUZPprojectSchedule\server\EvalutionAlgoritmCpp\VSProject\VSProject\BS_thread_pool.hpp(240): message : see declaration of 'BS::thread_pool'
E:\kirill\PROJECT SCHEDULE\app\NUZPprojectSchedule\server\EvalutionAlgoritmCpp\VSProject\VSProject\Main.cpp(172,13): error C2065: 'Timer': undeclared identifier
E:\kirill\PROJECT SCHEDULE\app\NUZPprojectSchedule\server\EvalutionAlgoritmCpp\VSProject\VSProject\Main.cpp(173,48): error C2065: 'Timer': undeclared identifier
E:\kirill\PROJECT SCHEDULE\app\NUZPprojectSchedule\server\EvalutionAlgoritmCpp\VSProject\VSProject\Main.cpp(176,13): error C2065: 'Timer': undeclared identifier
E:\kirill\PROJECT SCHEDULE\app\NUZPprojectSchedule\server\EvalutionAlgoritmCpp\VSProject\VSProject\Main.cpp(184,75): error C2039: 'parallelize_loop': is not a member of 'BS::thread_pool'
E:\kirill\PROJECT SCHEDULE\app\NUZPprojectSchedule\server\EvalutionAlgoritmCpp\VSProject\VSProject\BS_thread_pool.hpp(240): message : see declaration of 'BS::thread_pool'
E:\kirill\PROJECT SCHEDULE\app\NUZPprojectSchedule\server\EvalutionAlgoritmCpp\VSProject\VSProject\Main.cpp(216,34): warning C4018: '<': signed/unsigned mismatch
E:\kirill\PROJECT SCHEDULE\app\NUZPprojectSchedule\server\EvalutionAlgoritmCpp\VSProject\VSProject\Main.cpp(217,23): warning C4018: '<': signed/unsigned mismatch
E:\kirill\PROJECT SCHEDULE\app\NUZPprojectSchedule\server\EvalutionAlgoritmCpp\VSProject\VSProject\Main.cpp(222,41): warning C4018: '>=': signed/unsigned mismatch
E:\kirill\PROJECT SCHEDULE\app\NUZPprojectSchedule\server\EvalutionAlgoritmCpp\VSProject\VSProject\Main.cpp(224,27): warning C4018: '<': signed/unsigned mismatch
E:\kirill\PROJECT SCHEDULE\app\NUZPprojectSchedule\server\EvalutionAlgoritmCpp\VSProject\VSProject\Main.cpp(232,13): error C2065: 'Timer': undeclared identifier
E:\kirill\PROJECT SCHEDULE\app\NUZPprojectSchedule\server\EvalutionAlgoritmCpp\VSProject\VSProject\Main.cpp(233,48): error C2065: 'Timer': undeclared identifier
E:\kirill\PROJECT SCHEDULE\app\NUZPprojectSchedule\server\EvalutionAlgoritmCpp\VSProject\VSProject\Main.cpp(235,64): error C2039: 'parallelize_loop': is not a member of 'BS::thread_pool'
E:\kirill\PROJECT SCHEDULE\app\NUZPprojectSchedule\server\EvalutionAlgoritmCpp\VSProject\VSProject\BS_thread_pool.hpp(240): message : see declaration of 'BS::thread_pool'
E:\kirill\PROJECT SCHEDULE\app\NUZPprojectSchedule\server\EvalutionAlgoritmCpp\VSProject\VSProject\Main.cpp(247,64): error C2039: 'parallelize_loop': is not a member of 'BS::thread_pool'
E:\kirill\PROJECT SCHEDULE\app\NUZPprojectSchedule\server\EvalutionAlgoritmCpp\VSProject\VSProject\BS_thread_pool.hpp(240): message : see declaration of 'BS::thread_pool'
E:\kirill\PROJECT SCHEDULE\app\NUZPprojectSchedule\server\EvalutionAlgoritmCpp\VSProject\VSProject\Main.cpp(274,1): fatal error C1004: unexpected end-of-file found
  Generating Code...
