  AddClassToSchedule.cpp
  Crossing.cpp
E:\kirill\PROJECT SCHEDULE\app\NUZPprojectSchedule\server\EvalutionAlgoritmCpp\EvalutionAlgoritmCpp\EvulationAlgoritmCpp\Crossing.cpp(9,51): warning C4267: 'argument': conversion from 'size_t' to 'int', possible loss of data
E:\kirill\PROJECT SCHEDULE\app\NUZPprojectSchedule\server\EvalutionAlgoritmCpp\EvalutionAlgoritmCpp\EvulationAlgoritmCpp\Crossing.cpp(10,53): warning C4267: 'argument': conversion from 'size_t' to 'int', possible loss of data
  Main.cpp
E:\kirill\PROJECT SCHEDULE\app\NUZPprojectSchedule\server\EvalutionAlgoritmCpp\EvalutionAlgoritmCpp\EvulationAlgoritmCpp\BS_thread_pool.hpp(35,28): error C2039: 'invoke_result_t': is not a member of 'std'
E:\kirill\program\Visual Studio\2022\VC\Tools\MSVC\14.32.31326\include\queue(22): message : see declaration of 'std'
E:\kirill\PROJECT SCHEDULE\app\NUZPprojectSchedule\server\EvalutionAlgoritmCpp\EvalutionAlgoritmCpp\EvulationAlgoritmCpp\BS_thread_pool.hpp(35,43): error C2061: syntax error: identifier 'invoke_result_t'
E:\kirill\PROJECT SCHEDULE\app\NUZPprojectSchedule\server\EvalutionAlgoritmCpp\EvalutionAlgoritmCpp\EvulationAlgoritmCpp\BS_thread_pool.hpp(63,9): warning C4984: 'if constexpr' is a C++17 language extension
E:\kirill\PROJECT SCHEDULE\app\NUZPprojectSchedule\server\EvalutionAlgoritmCpp\EvalutionAlgoritmCpp\EvulationAlgoritmCpp\BS_thread_pool.hpp(123): message : see reference to class template instantiation 'BS::multi_future<T>' being compiled
E:\kirill\PROJECT SCHEDULE\app\NUZPprojectSchedule\server\EvalutionAlgoritmCpp\EvalutionAlgoritmCpp\EvulationAlgoritmCpp\BS_thread_pool.hpp(252,16): error C4430: missing type specifier - int assumed. Note: C++ does not support default-int
E:\kirill\PROJECT SCHEDULE\app\NUZPprojectSchedule\server\EvalutionAlgoritmCpp\EvalutionAlgoritmCpp\EvulationAlgoritmCpp\BS_thread_pool.hpp(252,37): error C2146: syntax error: missing ')' before identifier 'thread_count_'
E:\kirill\PROJECT SCHEDULE\app\NUZPprojectSchedule\server\EvalutionAlgoritmCpp\EvalutionAlgoritmCpp\EvulationAlgoritmCpp\BS_thread_pool.hpp(252,37): error C3646: 'thread_count_': unknown override specifier
E:\kirill\PROJECT SCHEDULE\app\NUZPprojectSchedule\server\EvalutionAlgoritmCpp\EvalutionAlgoritmCpp\EvulationAlgoritmCpp\BS_thread_pool.hpp(252,16): error C2253: 'thread_pool': pure specifier or abstract override specifier only allowed on virtual function
E:\kirill\PROJECT SCHEDULE\app\NUZPprojectSchedule\server\EvalutionAlgoritmCpp\EvalutionAlgoritmCpp\EvulationAlgoritmCpp\BS_thread_pool.hpp(252,16): error C2059: syntax error: ')'
E:\kirill\PROJECT SCHEDULE\app\NUZPprojectSchedule\server\EvalutionAlgoritmCpp\EvalutionAlgoritmCpp\EvulationAlgoritmCpp\BS_thread_pool.hpp(252,54): error C2059: syntax error: ')'
E:\kirill\PROJECT SCHEDULE\app\NUZPprojectSchedule\server\EvalutionAlgoritmCpp\EvalutionAlgoritmCpp\EvulationAlgoritmCpp\BS_thread_pool.hpp(252,56): error C2059: syntax error: ':'
E:\kirill\PROJECT SCHEDULE\app\NUZPprojectSchedule\server\EvalutionAlgoritmCpp\EvalutionAlgoritmCpp\EvulationAlgoritmCpp\BS_thread_pool.hpp(252,16): error C2334: unexpected token(s) preceding ':'; skipping apparent function body
E:\kirill\PROJECT SCHEDULE\app\NUZPprojectSchedule\server\EvalutionAlgoritmCpp\EvalutionAlgoritmCpp\EvulationAlgoritmCpp\BS_thread_pool.hpp(691,35): error C7525: inline variables require at least '/std:c++17'
E:\kirill\PROJECT SCHEDULE\app\NUZPprojectSchedule\server\EvalutionAlgoritmCpp\EvalutionAlgoritmCpp\EvulationAlgoritmCpp\BS_thread_pool.hpp(691,114): error C2864: 'BS::thread_pool::synced_stream::endl': a static data member with an in-class initializer must have non-volatile const integral type or be specified as 'inline'
E:\kirill\PROJECT SCHEDULE\app\NUZPprojectSchedule\server\EvalutionAlgoritmCpp\EvalutionAlgoritmCpp\EvulationAlgoritmCpp\BS_thread_pool.hpp(691,114): message : type is 'std::ostream &(__cdecl &)(std::ostream &)'
E:\kirill\PROJECT SCHEDULE\app\NUZPprojectSchedule\server\EvalutionAlgoritmCpp\EvalutionAlgoritmCpp\EvulationAlgoritmCpp\BS_thread_pool.hpp(696,35): error C7525: inline variables require at least '/std:c++17'
E:\kirill\PROJECT SCHEDULE\app\NUZPprojectSchedule\server\EvalutionAlgoritmCpp\EvalutionAlgoritmCpp\EvulationAlgoritmCpp\BS_thread_pool.hpp(696,116): error C2864: 'BS::thread_pool::synced_stream::flush': a static data member with an in-class initializer must have non-volatile const integral type or be specified as 'inline'
E:\kirill\PROJECT SCHEDULE\app\NUZPprojectSchedule\server\EvalutionAlgoritmCpp\EvalutionAlgoritmCpp\EvulationAlgoritmCpp\BS_thread_pool.hpp(696,116): message : type is 'std::ostream &(__cdecl &)(std::ostream &)'
E:\kirill\PROJECT SCHEDULE\app\NUZPprojectSchedule\server\EvalutionAlgoritmCpp\EvalutionAlgoritmCpp\EvulationAlgoritmCpp\BS_thread_pool.hpp(673,24): error C7518: fold expressions require at least '/std:c++17'
E:\kirill\PROJECT SCHEDULE\app\NUZPprojectSchedule\server\EvalutionAlgoritmCpp\EvalutionAlgoritmCpp\EvulationAlgoritmCpp\BS_thread_pool.hpp(670,10): message : This diagnostic occurred in the compiler generated function 'void BS::thread_pool::synced_stream::print(T &&...)'
E:\kirill\PROJECT SCHEDULE\app\NUZPprojectSchedule\server\EvalutionAlgoritmCpp\EvalutionAlgoritmCpp\EvulationAlgoritmCpp\BS_thread_pool.hpp(672,20): error C2039: 'scoped_lock': is not a member of 'std'
E:\kirill\program\Visual Studio\2022\VC\Tools\MSVC\14.32.31326\include\queue(22): message : see declaration of 'std'
E:\kirill\PROJECT SCHEDULE\app\NUZPprojectSchedule\server\EvalutionAlgoritmCpp\EvalutionAlgoritmCpp\EvulationAlgoritmCpp\BS_thread_pool.hpp(670,10): message : This diagnostic occurred in the compiler generated function 'void BS::thread_pool::synced_stream::print(T &&...)'
E:\kirill\program\Visual Studio\2022\VC\Tools\MSVC\14.32.31326\include\fstream(26,1): error C2059: syntax error: 'namespace'
E:\kirill\program\Visual Studio\2022\VC\Tools\MSVC\14.32.31326\include\fstream(26,1): error C2143: syntax error: missing ';' before '{'
E:\kirill\program\Visual Studio\2022\VC\Tools\MSVC\14.32.31326\include\fstream(26,1): error C2447: '{': missing function header (old-style formal list?)
E:\kirill\PROJECT SCHEDULE\app\NUZPprojectSchedule\server\EvalutionAlgoritmCpp\EvalutionAlgoritmCpp\EvulationAlgoritmCpp\Main.cpp(42,18): error C2079: 'fileData' uses undefined class 'std::basic_ifstream<char,std::char_traits<char>>'
E:\kirill\PROJECT SCHEDULE\app\NUZPprojectSchedule\server\EvalutionAlgoritmCpp\EvalutionAlgoritmCpp\EvulationAlgoritmCpp\Main.cpp(42,38): error C2440: 'initializing': cannot convert from 'const char [10]' to 'int'
E:\kirill\PROJECT SCHEDULE\app\NUZPprojectSchedule\server\EvalutionAlgoritmCpp\EvalutionAlgoritmCpp\EvulationAlgoritmCpp\Main.cpp(42,26): message : There is no context in which this conversion is possible
E:\kirill\PROJECT SCHEDULE\app\NUZPprojectSchedule\server\EvalutionAlgoritmCpp\EvalutionAlgoritmCpp\EvulationAlgoritmCpp\Main.cpp(67,46): warning C4244: 'initializing': conversion from 'double' to 'int', possible loss of data
E:\kirill\PROJECT SCHEDULE\app\NUZPprojectSchedule\server\EvalutionAlgoritmCpp\EvalutionAlgoritmCpp\EvulationAlgoritmCpp\Main.cpp(67,28): warning C4244: 'initializing': conversion from 'double' to 'const int', possible loss of data
E:\kirill\PROJECT SCHEDULE\app\NUZPprojectSchedule\server\EvalutionAlgoritmCpp\EvalutionAlgoritmCpp\EvulationAlgoritmCpp\Main.cpp(98,21): error C2512: 'BS::thread_pool': no appropriate default constructor available
E:\kirill\PROJECT SCHEDULE\app\NUZPprojectSchedule\server\EvalutionAlgoritmCpp\EvalutionAlgoritmCpp\EvulationAlgoritmCpp\BS_thread_pool.hpp(240,21): message : see declaration of 'BS::thread_pool'
E:\kirill\PROJECT SCHEDULE\app\NUZPprojectSchedule\server\EvalutionAlgoritmCpp\EvalutionAlgoritmCpp\EvulationAlgoritmCpp\Main.cpp(99,9): error C2065: 'timer': undeclared identifier
E:\kirill\PROJECT SCHEDULE\app\NUZPprojectSchedule\server\EvalutionAlgoritmCpp\EvalutionAlgoritmCpp\EvulationAlgoritmCpp\Main.cpp(99,15): error C2146: syntax error: missing ';' before identifier 'Timer'
E:\kirill\PROJECT SCHEDULE\app\NUZPprojectSchedule\server\EvalutionAlgoritmCpp\EvalutionAlgoritmCpp\EvulationAlgoritmCpp\Main.cpp(99,15): error C2065: 'Timer': undeclared identifier
E:\kirill\PROJECT SCHEDULE\app\NUZPprojectSchedule\server\EvalutionAlgoritmCpp\EvalutionAlgoritmCpp\EvulationAlgoritmCpp\Main.cpp(101,9): error C2065: 'Timer': undeclared identifier
E:\kirill\PROJECT SCHEDULE\app\NUZPprojectSchedule\server\EvalutionAlgoritmCpp\EvalutionAlgoritmCpp\EvulationAlgoritmCpp\Main.cpp(103,65): error C2039: 'parallelize_loop': is not a member of 'BS::thread_pool'
E:\kirill\PROJECT SCHEDULE\app\NUZPprojectSchedule\server\EvalutionAlgoritmCpp\EvalutionAlgoritmCpp\EvulationAlgoritmCpp\BS_thread_pool.hpp(240): message : see declaration of 'BS::thread_pool'
E:\kirill\PROJECT SCHEDULE\app\NUZPprojectSchedule\server\EvalutionAlgoritmCpp\EvalutionAlgoritmCpp\EvulationAlgoritmCpp\Main.cpp(119,9): error C2065: 'Timer': undeclared identifier
E:\kirill\PROJECT SCHEDULE\app\NUZPprojectSchedule\server\EvalutionAlgoritmCpp\EvalutionAlgoritmCpp\EvulationAlgoritmCpp\Main.cpp(120,44): error C2065: 'Timer': undeclared identifier
E:\kirill\PROJECT SCHEDULE\app\NUZPprojectSchedule\server\EvalutionAlgoritmCpp\EvalutionAlgoritmCpp\EvulationAlgoritmCpp\Main.cpp(128,13): error C2065: 'Timer': undeclared identifier
E:\kirill\PROJECT SCHEDULE\app\NUZPprojectSchedule\server\EvalutionAlgoritmCpp\EvalutionAlgoritmCpp\EvulationAlgoritmCpp\Main.cpp(130,62): error C2039: 'parallelize_loop': is not a member of 'BS::thread_pool'
E:\kirill\PROJECT SCHEDULE\app\NUZPprojectSchedule\server\EvalutionAlgoritmCpp\EvalutionAlgoritmCpp\EvulationAlgoritmCpp\BS_thread_pool.hpp(240): message : see declaration of 'BS::thread_pool'
E:\kirill\PROJECT SCHEDULE\app\NUZPprojectSchedule\server\EvalutionAlgoritmCpp\EvalutionAlgoritmCpp\EvulationAlgoritmCpp\Main.cpp(149,13): error C2065: 'Timer': undeclared identifier
E:\kirill\PROJECT SCHEDULE\app\NUZPprojectSchedule\server\EvalutionAlgoritmCpp\EvalutionAlgoritmCpp\EvulationAlgoritmCpp\Main.cpp(150,48): error C2065: 'Timer': undeclared identifier
E:\kirill\PROJECT SCHEDULE\app\NUZPprojectSchedule\server\EvalutionAlgoritmCpp\EvalutionAlgoritmCpp\EvulationAlgoritmCpp\Main.cpp(153,13): error C2065: 'Timer': undeclared identifier
E:\kirill\PROJECT SCHEDULE\app\NUZPprojectSchedule\server\EvalutionAlgoritmCpp\EvalutionAlgoritmCpp\EvulationAlgoritmCpp\Main.cpp(155,62): error C2039: 'parallelize_loop': is not a member of 'BS::thread_pool'
E:\kirill\PROJECT SCHEDULE\app\NUZPprojectSchedule\server\EvalutionAlgoritmCpp\EvalutionAlgoritmCpp\EvulationAlgoritmCpp\BS_thread_pool.hpp(240): message : see declaration of 'BS::thread_pool'
E:\kirill\PROJECT SCHEDULE\app\NUZPprojectSchedule\server\EvalutionAlgoritmCpp\EvalutionAlgoritmCpp\EvulationAlgoritmCpp\Main.cpp(167,13): error C2065: 'Timer': undeclared identifier
E:\kirill\PROJECT SCHEDULE\app\NUZPprojectSchedule\server\EvalutionAlgoritmCpp\EvalutionAlgoritmCpp\EvulationAlgoritmCpp\Main.cpp(168,48): error C2065: 'Timer': undeclared identifier
E:\kirill\PROJECT SCHEDULE\app\NUZPprojectSchedule\server\EvalutionAlgoritmCpp\EvalutionAlgoritmCpp\EvulationAlgoritmCpp\Main.cpp(171,13): error C2065: 'Timer': undeclared identifier
E:\kirill\PROJECT SCHEDULE\app\NUZPprojectSchedule\server\EvalutionAlgoritmCpp\EvalutionAlgoritmCpp\EvulationAlgoritmCpp\Main.cpp(173,65): error C2039: 'parallelize_loop': is not a member of 'BS::thread_pool'
E:\kirill\PROJECT SCHEDULE\app\NUZPprojectSchedule\server\EvalutionAlgoritmCpp\EvalutionAlgoritmCpp\EvulationAlgoritmCpp\BS_thread_pool.hpp(240): message : see declaration of 'BS::thread_pool'
E:\kirill\PROJECT SCHEDULE\app\NUZPprojectSchedule\server\EvalutionAlgoritmCpp\EvalutionAlgoritmCpp\EvulationAlgoritmCpp\Main.cpp(182,13): error C2065: 'Timer': undeclared identifier
E:\kirill\PROJECT SCHEDULE\app\NUZPprojectSchedule\server\EvalutionAlgoritmCpp\EvalutionAlgoritmCpp\EvulationAlgoritmCpp\Main.cpp(183,48): error C2065: 'Timer': undeclared identifier
E:\kirill\PROJECT SCHEDULE\app\NUZPprojectSchedule\server\EvalutionAlgoritmCpp\EvalutionAlgoritmCpp\EvulationAlgoritmCpp\Main.cpp(186,13): error C2065: 'Timer': undeclared identifier
E:\kirill\PROJECT SCHEDULE\app\NUZPprojectSchedule\server\EvalutionAlgoritmCpp\EvalutionAlgoritmCpp\EvulationAlgoritmCpp\Main.cpp(194,75): error C2039: 'parallelize_loop': is not a member of 'BS::thread_pool'
E:\kirill\PROJECT SCHEDULE\app\NUZPprojectSchedule\server\EvalutionAlgoritmCpp\EvalutionAlgoritmCpp\EvulationAlgoritmCpp\BS_thread_pool.hpp(240): message : see declaration of 'BS::thread_pool'
E:\kirill\PROJECT SCHEDULE\app\NUZPprojectSchedule\server\EvalutionAlgoritmCpp\EvalutionAlgoritmCpp\EvulationAlgoritmCpp\Main.cpp(230,43): warning C4267: 'initializing': conversion from 'size_t' to 'int', possible loss of data
E:\kirill\PROJECT SCHEDULE\app\NUZPprojectSchedule\server\EvalutionAlgoritmCpp\EvalutionAlgoritmCpp\EvulationAlgoritmCpp\Main.cpp(242,13): error C2065: 'Timer': undeclared identifier
E:\kirill\PROJECT SCHEDULE\app\NUZPprojectSchedule\server\EvalutionAlgoritmCpp\EvalutionAlgoritmCpp\EvulationAlgoritmCpp\Main.cpp(243,48): error C2065: 'Timer': undeclared identifier
E:\kirill\PROJECT SCHEDULE\app\NUZPprojectSchedule\server\EvalutionAlgoritmCpp\EvalutionAlgoritmCpp\EvulationAlgoritmCpp\Main.cpp(245,64): error C2039: 'parallelize_loop': is not a member of 'BS::thread_pool'
E:\kirill\PROJECT SCHEDULE\app\NUZPprojectSchedule\server\EvalutionAlgoritmCpp\EvalutionAlgoritmCpp\EvulationAlgoritmCpp\BS_thread_pool.hpp(240): message : see declaration of 'BS::thread_pool'
E:\kirill\PROJECT SCHEDULE\app\NUZPprojectSchedule\server\EvalutionAlgoritmCpp\EvalutionAlgoritmCpp\EvulationAlgoritmCpp\Main.cpp(255,65): warning C4267: 'argument': conversion from 'size_t' to 'int', possible loss of data
E:\kirill\PROJECT SCHEDULE\app\NUZPprojectSchedule\server\EvalutionAlgoritmCpp\EvalutionAlgoritmCpp\EvulationAlgoritmCpp\Main.cpp(257,64): error C2039: 'parallelize_loop': is not a member of 'BS::thread_pool'
E:\kirill\PROJECT SCHEDULE\app\NUZPprojectSchedule\server\EvalutionAlgoritmCpp\EvalutionAlgoritmCpp\EvulationAlgoritmCpp\BS_thread_pool.hpp(240): message : see declaration of 'BS::thread_pool'
E:\kirill\PROJECT SCHEDULE\app\NUZPprojectSchedule\server\EvalutionAlgoritmCpp\EvalutionAlgoritmCpp\EvulationAlgoritmCpp\Main.cpp(284,1): fatal error C1004: unexpected end-of-file found
  Fitness.cpp
  GetIdAudienceForClass.cpp
E:\kirill\PROJECT SCHEDULE\app\NUZPprojectSchedule\server\EvalutionAlgoritmCpp\EvalutionAlgoritmCpp\EvulationAlgoritmCpp\GetIdAudienceForClass.cpp(9,115): warning C4267: 'argument': conversion from 'size_t' to 'int', possible loss of data
E:\kirill\PROJECT SCHEDULE\app\NUZPprojectSchedule\server\EvalutionAlgoritmCpp\EvalutionAlgoritmCpp\EvulationAlgoritmCpp\GetIdAudienceForClass.cpp(47,77): warning C4267: 'argument': conversion from 'size_t' to 'int', possible loss of data
  GetPairTypeForClass.cpp
E:\kirill\PROJECT SCHEDULE\app\NUZPprojectSchedule\server\EvalutionAlgoritmCpp\EvalutionAlgoritmCpp\EvulationAlgoritmCpp\GetPairTypeForClass.cpp(8,24): warning C4244: 'initializing': conversion from 'const double' to 'int', possible loss of data
  GetRndDouble.cpp
  GetRndInteger.cpp
  Init.cpp
  MeanFitnessValue.cpp
  MinFitnessValue.cpp
  Mutation.cpp
  SelectRanging.cpp
E:\kirill\PROJECT SCHEDULE\app\NUZPprojectSchedule\server\EvalutionAlgoritmCpp\EvalutionAlgoritmCpp\EvulationAlgoritmCpp\SelectRanging.cpp(6,36): warning C4267: 'initializing': conversion from 'size_t' to 'int', possible loss of data
E:\kirill\PROJECT SCHEDULE\app\NUZPprojectSchedule\server\EvalutionAlgoritmCpp\EvalutionAlgoritmCpp\EvulationAlgoritmCpp\SelectRanging.cpp(15,22): warning C4267: '=': conversion from 'size_t' to 'int', possible loss of data
E:\kirill\PROJECT SCHEDULE\app\NUZPprojectSchedule\server\EvalutionAlgoritmCpp\EvalutionAlgoritmCpp\EvulationAlgoritmCpp\SelectRanging.cpp(17,21): warning C4267: '=': conversion from 'size_t' to 'int', possible loss of data
E:\kirill\PROJECT SCHEDULE\app\NUZPprojectSchedule\server\EvalutionAlgoritmCpp\EvalutionAlgoritmCpp\EvulationAlgoritmCpp\SelectRanging.cpp(19,15): warning C4267: 'return': conversion from 'size_t' to 'int', possible loss of data
  SortPopulations.cpp
  SortSchedule.cpp
E:\kirill\PROJECT SCHEDULE\app\NUZPprojectSchedule\server\EvalutionAlgoritmCpp\EvalutionAlgoritmCpp\EvulationAlgoritmCpp\SortSchedule.cpp(6,36): warning C4267: 'initializing': conversion from 'size_t' to 'int', possible loss of data
  threadpool.cpp
  TypeDefs.cpp
